<?xml version="1.0" encoding="UTF-8"?>
<!-- Generated by org.testng.reporters.JUnitXMLReporter -->
<testsuite ignored="0" hostname="DESKTOP-EGT0M14" failures="1" tests="2" name="Submit Order Test" time="0.116" errors="0" timestamp="2024-02-16T20:02:48 IST">
  <testcase classname="rahulshettyacademy.SeleniumFrameWorkDesign.tests.Submitorder" name="submitorder" time="0.0">
    <failure type="java.lang.RuntimeException" message="java.nio.file.NoSuchFileException: C:\Users\achok\SeleniumDemoProject\SeleniumFrameWorkDesign\src\test\java\rahulshettyacademy\data\purchase.json">
      <![CDATA[java.lang.RuntimeException: java.nio.file.NoSuchFileException: C:\Users\achok\SeleniumDemoProject\SeleniumFrameWorkDesign\src\test\java\rahulshettyacademy\data\purchase.json
at java.base/java.util.ArrayList.forEach(ArrayList.java:1511)
Caused by: java.nio.file.NoSuchFileException: C:\Users\achok\SeleniumDemoProject\SeleniumFrameWorkDesign\src\test\java\rahulshettyacademy\data\purchase.json
at java.base/sun.nio.fs.WindowsException.translateToIOException(WindowsException.java:85)
at java.base/sun.nio.fs.WindowsException.rethrowAsIOException(WindowsException.java:103)
at java.base/sun.nio.fs.WindowsException.rethrowAsIOException(WindowsException.java:108)
at java.base/sun.nio.fs.WindowsFileSystemProvider.newByteChannel(WindowsFileSystemProvider.java:236)
at java.base/java.nio.file.Files.newByteChannel(Files.java:380)
at java.base/java.nio.file.Files.newByteChannel(Files.java:432)
at java.base/java.nio.file.spi.FileSystemProvider.newInputStream(FileSystemProvider.java:422)
at java.base/java.nio.file.Files.newInputStream(Files.java:160)
at org.apache.commons.io.FileUtils.lambda$readFileToString$12(FileUtils.java:2616)
at org.apache.commons.io.IOUtils.toString(IOUtils.java:3177)
at org.apache.commons.io.IOUtils.toString(IOUtils.java:3152)
at org.apache.commons.io.FileUtils.readFileToString(FileUtils.java:2616)
at rahulshettyacademy.SeleniumFrameWorkDesign.testcomponents.BaseTest.getJsonDataToMap(BaseTest.java:65)
at rahulshettyacademy.SeleniumFrameWorkDesign.tests.Submitorder.getdata(Submitorder.java:131)
... 25 more
... Removed 32 stack frames]]>
    </failure>
  </testcase> <!-- submitorder -->
  <testcase classname="rahulshettyacademy.SeleniumFrameWorkDesign.tests.Submitorder" name="validateOrder" time="0.0">
    <skipped/>
  </testcase> <!-- validateOrder -->
</testsuite> <!-- Submit Order Test -->
